# Logfile created on 2025-04-10 13:58:44 +0000 by logger.rb/v1.6.0
I, [2025-04-10T13:58:44.426255 #1]  INFO -- : Using GitHub Features: Defaults
I, [2025-04-10T13:58:44.426305 #1]  INFO -- : Auditing 'REDACTED://backstage-demo-bamboo.westeurope.cloudapp.azure.com'
I, [2025-04-10T13:58:44.433009 #1]  INFO -- request: GET REDACTED://backstage-demo-bamboo.westeurope.cloudapp.azure.com/rest/api/latest/info
I, [2025-04-10T13:58:44.699500 #1]  INFO -- response: Status 200
I, [2025-04-10T13:58:44.701276 #1]  INFO -- request: GET REDACTED://backstage-demo-bamboo.westeurope.cloudapp.azure.com/rest/api/latest/plan
I, [2025-04-10T13:58:44.956655 #1]  INFO -- response: Status 200
I, [2025-04-10T13:58:44.957379 #1]  INFO -- request: GET REDACTED://backstage-demo-bamboo.westeurope.cloudapp.azure.com/rest/api/latest/plan?start-index=1
I, [2025-04-10T13:58:45.206059 #1]  INFO -- response: Status 200
I, [2025-04-10T13:58:45.206759 #1]  INFO -- request: GET REDACTED://backstage-demo-bamboo.westeurope.cloudapp.azure.com/rest/api/latest/deploy/project/all
I, [2025-04-10T13:58:45.456719 #1]  INFO -- response: Status 200
I, [2025-04-10T13:58:45.457340 #1]  INFO -- : Thread collection size: 4
I, [2025-04-10T13:58:45.459204 #1]  INFO -- request: GET REDACTED://backstage-demo-bamboo.westeurope.cloudapp.azure.com/rest/api/latest/plan/PP-PP/specs?format=YAML
I, [2025-04-10T13:58:45.459994 #1]  INFO -- request: GET REDACTED://backstage-demo-bamboo.westeurope.cloudapp.azure.com/rest/api/latest/plan/PP-PP/specs?format=YAML
I, [2025-04-10T13:58:45.761459 #1]  INFO -- response: Status 200
I, [2025-04-10T13:58:45.763523 #1]  INFO -- request: GET REDACTED://backstage-demo-bamboo.westeurope.cloudapp.azure.com/rest/api/latest/plan/PP-PP
I, [2025-04-10T13:58:45.777630 #1]  INFO -- response: Status 200
I, [2025-04-10T13:58:45.785526 #1]  INFO -- request: GET REDACTED://backstage-demo-bamboo.westeurope.cloudapp.azure.com/rest/api/latest/plan/PP-PP
I, [2025-04-10T13:58:46.030638 #1]  INFO -- response: Status 200
I, [2025-04-10T13:58:46.031367 #1]  INFO -- request: GET REDACTED://backstage-demo-bamboo.westeurope.cloudapp.azure.com/rest/api/latest/plan/PP-PP/variables
I, [2025-04-10T13:58:46.041972 #1]  INFO -- response: Status 200
I, [2025-04-10T13:58:46.042606 #1]  INFO -- request: GET REDACTED://backstage-demo-bamboo.westeurope.cloudapp.azure.com/rest/api/latest/plan/PP-PP/variables
I, [2025-04-10T13:58:46.287688 #1]  INFO -- response: Status 200
I, [2025-04-10T13:58:46.288388 #1]  INFO -- request: GET REDACTED://backstage-demo-bamboo.westeurope.cloudapp.azure.com/rest/api/latest/project/PP/variables
I, [2025-04-10T13:58:46.305803 #1]  INFO -- response: Status 200
I, [2025-04-10T13:58:46.306414 #1]  INFO -- request: GET REDACTED://backstage-demo-bamboo.westeurope.cloudapp.azure.com/rest/api/latest/project/PP/variables
I, [2025-04-10T13:58:46.571721 #1]  INFO -- response: Status 200
I, [2025-04-10T13:58:46.573052 #1]  INFO -- request: GET REDACTED://backstage-demo-bamboo.westeurope.cloudapp.azure.com/rest/api/latest/project/PP
I, [2025-04-10T13:58:46.578677 #1]  INFO -- response: Status 200
I, [2025-04-10T13:58:46.579179 #1]  INFO -- request: GET REDACTED://backstage-demo-bamboo.westeurope.cloudapp.azure.com/rest/api/latest/project/PP
I, [2025-04-10T13:58:46.849057 #1]  INFO -- response: Status 200
I, [2025-04-10T13:58:46.850105 #1]  INFO -- request: GET REDACTED://backstage-demo-bamboo.westeurope.cloudapp.azure.com/rest/api/latest/plan/PP-PP-JOB1
I, [2025-04-10T13:58:46.858133 #1]  INFO -- response: Status 200
I, [2025-04-10T13:58:46.858713 #1]  INFO -- request: GET REDACTED://backstage-demo-bamboo.westeurope.cloudapp.azure.com/rest/api/latest/plan/PP-PP-JOB1
I, [2025-04-10T13:58:47.109775 #1]  INFO -- response: Status 200
I, [2025-04-10T13:58:47.119850 #1]  INFO -- response: Status 200
I, [2025-04-10T13:58:47.126920 #1]  INFO -- : Output file(s):
I, [2025-04-10T13:58:47.130486 #1]  INFO -- :   tmp/audit/build/pp/pp/.github/workflows/pp.yml
I, [2025-04-10T13:58:47.131107 #1]  INFO -- :   tmp/audit/build/pp/pp/config.json
I, [2025-04-10T13:58:47.131880 #1]  INFO -- :   tmp/audit/build/pp/pp/source.yml
I, [2025-04-10T13:58:47.133063 #1]  INFO -- :   tmp/audit/build/pp/pp/.github/workflows/pp.yml
I, [2025-04-10T13:58:47.133587 #1]  INFO -- :   tmp/audit/build/pp/pp/config.json
I, [2025-04-10T13:58:47.134219 #1]  INFO -- :   tmp/audit/build/pp/pp/source.yml
I, [2025-04-10T13:58:47.135442 #1]  INFO -- :   tmp/audit/workflow_usage.csv
I, [2025-04-10T13:58:47.137175 #1]  INFO -- :   tmp/audit/audit_summary.md
W, [2025-04-10T13:58:51.630263 #1]  WARN -- : Secrets redacted in file(s):
W, [2025-04-10T13:58:51.630613 #1]  WARN -- :   tmp/audit/log/valet-20250410-135844.log
I, [2025-04-10T13:58:51.671244 #1]  INFO -- request: GET https://api.github.com/user
I, [2025-04-10T13:58:51.845939 #1]  INFO -- response: Status 200
I, [2025-04-10T13:58:51.847249 #1]  INFO -- : Sending telemetry with transaction id '22b5d745-3b51-4e54-8513-e321acc3d895'
