# Logfile created on 2025-04-10 14:00:42 +0000 by logger.rb/v1.6.0
I, [2025-04-10T14:00:42.357800 #1]  INFO -- : Using GitHub Features: Defaults
I, [2025-04-10T14:00:42.357848 #1]  INFO -- : Auditing 'REDACTED://backstage-demo-bamboo.westeurope.cloudapp.azure.com'
I, [2025-04-10T14:00:42.366926 #1]  INFO -- request: GET REDACTED://backstage-demo-bamboo.westeurope.cloudapp.azure.com/rest/api/latest/info
I, [2025-04-10T14:00:42.632465 #1]  INFO -- response: Status 200
I, [2025-04-10T14:00:42.634317 #1]  INFO -- request: GET REDACTED://backstage-demo-bamboo.westeurope.cloudapp.azure.com/rest/api/latest/plan
I, [2025-04-10T14:00:42.889368 #1]  INFO -- response: Status 200
I, [2025-04-10T14:00:42.890125 #1]  INFO -- request: GET REDACTED://backstage-demo-bamboo.westeurope.cloudapp.azure.com/rest/api/latest/plan?start-index=1
I, [2025-04-10T14:00:43.143334 #1]  INFO -- response: Status 200
I, [2025-04-10T14:00:43.144133 #1]  INFO -- request: GET REDACTED://backstage-demo-bamboo.westeurope.cloudapp.azure.com/rest/api/latest/deploy/project/all
I, [2025-04-10T14:00:43.390107 #1]  INFO -- response: Status 200
I, [2025-04-10T14:00:43.390752 #1]  INFO -- : Thread collection size: 4
I, [2025-04-10T14:00:43.392799 #1]  INFO -- request: GET REDACTED://backstage-demo-bamboo.westeurope.cloudapp.azure.com/rest/api/latest/plan/PP-PP/specs?format=YAML
I, [2025-04-10T14:00:43.393633 #1]  INFO -- request: GET REDACTED://backstage-demo-bamboo.westeurope.cloudapp.azure.com/rest/api/latest/plan/PP-PP/specs?format=YAML
I, [2025-04-10T14:00:43.705577 #1]  INFO -- response: Status 200
I, [2025-04-10T14:00:43.707736 #1]  INFO -- request: GET REDACTED://backstage-demo-bamboo.westeurope.cloudapp.azure.com/rest/api/latest/plan/PP-PP
I, [2025-04-10T14:00:43.708401 #1]  INFO -- response: Status 200
I, [2025-04-10T14:00:43.716648 #1]  INFO -- request: GET REDACTED://backstage-demo-bamboo.westeurope.cloudapp.azure.com/rest/api/latest/plan/PP-PP
I, [2025-04-10T14:00:43.976254 #1]  INFO -- response: Status 200
I, [2025-04-10T14:00:43.977271 #1]  INFO -- request: GET REDACTED://backstage-demo-bamboo.westeurope.cloudapp.azure.com/rest/api/latest/plan/PP-PP/variables
I, [2025-04-10T14:00:43.977344 #1]  INFO -- response: Status 200
I, [2025-04-10T14:00:43.978214 #1]  INFO -- request: GET REDACTED://backstage-demo-bamboo.westeurope.cloudapp.azure.com/rest/api/latest/plan/PP-PP/variables
I, [2025-04-10T14:00:44.231838 #1]  INFO -- response: Status 200
I, [2025-04-10T14:00:44.232793 #1]  INFO -- request: GET REDACTED://backstage-demo-bamboo.westeurope.cloudapp.azure.com/rest/api/latest/project/PP/variables
I, [2025-04-10T14:00:44.232868 #1]  INFO -- response: Status 200
I, [2025-04-10T14:00:44.233709 #1]  INFO -- request: GET REDACTED://backstage-demo-bamboo.westeurope.cloudapp.azure.com/rest/api/latest/project/PP/variables
I, [2025-04-10T14:00:44.488053 #1]  INFO -- response: Status 200
I, [2025-04-10T14:00:44.489467 #1]  INFO -- request: GET REDACTED://backstage-demo-bamboo.westeurope.cloudapp.azure.com/rest/api/latest/project/PP
I, [2025-04-10T14:00:44.489924 #1]  INFO -- response: Status 200
I, [2025-04-10T14:00:44.490573 #1]  INFO -- request: GET REDACTED://backstage-demo-bamboo.westeurope.cloudapp.azure.com/rest/api/latest/project/PP
I, [2025-04-10T14:00:44.747649 #1]  INFO -- response: Status 200
I, [2025-04-10T14:00:44.748713 #1]  INFO -- request: GET REDACTED://backstage-demo-bamboo.westeurope.cloudapp.azure.com/rest/api/latest/plan/PP-PP-JOB1
I, [2025-04-10T14:00:44.761494 #1]  INFO -- response: Status 200
I, [2025-04-10T14:00:44.762204 #1]  INFO -- request: GET REDACTED://backstage-demo-bamboo.westeurope.cloudapp.azure.com/rest/api/latest/plan/PP-PP-JOB1
I, [2025-04-10T14:00:45.010653 #1]  INFO -- response: Status 200
I, [2025-04-10T14:00:45.015919 #1]  INFO -- response: Status 200
I, [2025-04-10T14:00:45.022676 #1]  INFO -- : Output file(s):
I, [2025-04-10T14:00:45.025250 #1]  INFO -- :   tmp/audit/build/pp/pp/.github/workflows/pp.yml
I, [2025-04-10T14:00:45.025770 #1]  INFO -- :   tmp/audit/build/pp/pp/config.json
I, [2025-04-10T14:00:45.026416 #1]  INFO -- :   tmp/audit/build/pp/pp/source.yml
I, [2025-04-10T14:00:45.027540 #1]  INFO -- :   tmp/audit/build/pp/pp/.github/workflows/pp.yml
I, [2025-04-10T14:00:45.028082 #1]  INFO -- :   tmp/audit/build/pp/pp/config.json
I, [2025-04-10T14:00:45.028733 #1]  INFO -- :   tmp/audit/build/pp/pp/source.yml
I, [2025-04-10T14:00:45.029996 #1]  INFO -- :   tmp/audit/workflow_usage.csv
I, [2025-04-10T14:00:45.031789 #1]  INFO -- :   tmp/audit/audit_summary.md
W, [2025-04-10T14:00:49.475616 #1]  WARN -- : Secrets redacted in file(s):
W, [2025-04-10T14:00:49.476124 #1]  WARN -- :   tmp/audit/log/valet-20250410-140042.log
I, [2025-04-10T14:00:49.517709 #1]  INFO -- request: GET https://api.github.com/user
I, [2025-04-10T14:00:49.637877 #1]  INFO -- response: Status 200
I, [2025-04-10T14:00:49.639326 #1]  INFO -- : Sending telemetry with transaction id '063a742e-63c7-4fa5-843a-2f76e98e3705'
